<?xml version="1.0" encoding="UTF-8"?>
<testng-results ignored="0" total="1" passed="1" failed="0" skipped="0">
  <reporter-output>
  </reporter-output>
  <suite started-at="2024-06-20T13:01:26 IST" name="Suite" finished-at="2024-06-20T13:01:32 IST" duration-ms="5490">
    <groups>
    </groups>
    <test started-at="2024-06-20T13:01:26 IST" name="Test" finished-at="2024-06-20T13:01:32 IST" duration-ms="5490">
      <class name="testcases.LoginPageTC">
        <test-method is-config="true" signature="setup()[pri:0, instance:testcases.LoginPageTC@2c7d121c]" started-at="2024-06-20T13:01:26 IST" name="setup" finished-at="2024-06-20T13:01:31 IST" duration-ms="4784" status="PASS">
          <reporter-output>
          </reporter-output>
        </test-method> <!-- setup -->
        <test-method signature="login_tescase()[pri:0, instance:testcases.LoginPageTC@2c7d121c]" started-at="2024-06-20T13:01:31 IST" name="login_tescase" finished-at="2024-06-20T13:01:32 IST" duration-ms="345" status="PASS">
          <reporter-output>
          </reporter-output>
        </test-method> <!-- login_tescase -->
        <test-method is-config="true" signature="tearDown()[pri:0, instance:testcases.LoginPageTC@2c7d121c]" started-at="2024-06-20T13:01:32 IST" name="tearDown" finished-at="2024-06-20T13:01:32 IST" duration-ms="303" status="PASS">
          <reporter-output>
          </reporter-output>
        </test-method> <!-- tearDown -->
      </class> <!-- testcases.LoginPageTC -->
    </test> <!-- Test -->
  </suite> <!-- Suite -->
</testng-results>
